
GET / 21-09-23_04:31:23
GET / 21-09-23_04:31:33
GET /api/notices 21-09-23_06:08:12
GET /api/notices/search/in-good-hands/ 21-09-23_06:54:11
GET /api/notices/search/in-good-hands 21-09-23_06:54:15
GET /api/notices/search/in-good-hands 21-09-23_06:54:28
GET /api/notices/search?category=in-good-hands&title=dog 21-09-23_06:58:51
GET /api/notices/search?category=in-good-hands&title=dog 21-09-23_06:58:56
GET /api/notices/search?category=in-good-hands&title=dog 21-09-23_06:59:19
GET /api/notices/search?category=in-good-hands&title=dog 21-09-23_06:59:36
GET /api/notices/search?category=in-good-hands&title=dog 21-09-23_06:59:52
GET /api/notices/search?category=in-good-hands&title=dog 21-09-23_07:00:32
GET /api/notices 21-09-23_08:34:33
GET /api/notices 21-09-23_09:12:22
GET /api/notices 21-09-23_09:12:23
GET /api/notices/650c5e873b3bfee3d7ba6c3f/add-favorite 21-09-23_09:42:31
GET /api/notices/650c5e873b3bfee3d7ba6c3f/add-favorite 21-09-23_09:42:38
GET /api/notices/650c5e873b3bfee3d7ba6c3f/add-favorite 21-09-23_09:42:39
GET / 21-09-23_11:19:50
GET /api/contacts 21-09-23_11:19:58
GET /api/contacts 21-09-23_11:20:00
POST /api/notices/sell 22-09-23_02:00:02
POST /api/notices/sell 22-09-23_02:00:07
POST /api/notices/search/sell 22-09-23_02:00:19
GET /api/notices/650d72e2145376431ffacf73/add-favorite 22-09-23_03:38:59
GET /api/notices/650d72e2145376431ffacf73/add-favorite 22-09-23_03:39:03
GET /api/notices/650d73928aaa91266379b577/favorite 22-09-23_03:48:46
GET /api/notices/650d73928aaa91266379b577/favorite 22-09-23_03:48:48
GET /api/notices/650d73928aaa91266379b577/favorite 22-09-23_03:48:53
GET /api/notices/650d73928aaa91266379b577/favorite 22-09-23_03:49:08
GET /api/notices/650d73928aaa91266379b577/favorite 22-09-23_03:49:30
GET /api/notices/650d73928aaa91266379b577/favorite 22-09-23_03:49:32
GET /api/pets 22-09-23_04:04:47
GET /api/pets 22-09-23_04:04:51
DELETE /api/notices/get/favorites 22-09-23_04:52:00
POST /api/notices/650da7afad8ce5118611c2c2/favorite 22-09-23_09:49:29